# JRE version: OpenJDK Runtime Environment Temurin-17.0.2+8 (17.0.2+8) (build 17.0.2+8)
# Java VM: OpenJDK 64-Bit Server VM Temurin-17.0.2+8 (17.0.2+8, mixed mode, tiered, compressed oops, compressed class ptrs, parallel gc, windows-amd64)
GC Precious Log:
 CPUs: 8 total, 8 available
 Memory: 16320M
 Large Page Support: Disabled
 NUMA Support: Disabled
 Compressed Oops: Enabled (32-bit)
 Alignments: Space 512K, Generation 512K, Heap 2M
 Heap Min Capacity: 100M
 Heap Initial Capacity: 100M
 Heap Max Capacity: 1G
 Pre-touch: Disabled
 Parallel Workers: 8
Heap:
 PSYoungGen      total 9728K, used 1369K [0x00000000eab00000, 0x00000000eb680000, 0x0000000100000000)
  eden space 6656K, 0% used [0x00000000eab00000,0x00000000eab00000,0x00000000eb180000)
  from space 3072K, 44% used [0x00000000eb180000,0x00000000eb2d6410,0x00000000eb480000)
  to   space 2048K, 0% used [0x00000000eb480000,0x00000000eb480000,0x00000000eb680000)
 ParOldGen       total 175616K, used 174889K [0x00000000c0000000, 0x00000000cab80000, 0x00000000eab00000)
  object space 175616K, 99% used [0x00000000c0000000,0x00000000caaca728,0x00000000cab80000)
 Metaspace       used 88140K, committed 89280K, reserved 1130496K
  class space    used 8962K, committed 9472K, reserved 1048576K
GC Heap History (20 events):
Event: 366.711 GC heap after
{Heap after GC invocations=1729 (full 46):
 PSYoungGen      total 9728K, used 1527K [0x00000000eab00000, 0x00000000eb800000, 0x0000000100000000)
  eden space 8192K, 0% used [0x00000000eab00000,0x00000000eab00000,0x00000000eb300000)
  from space 1536K, 99% used [0x00000000eb600000,0x00000000eb77ddd0,0x00000000eb780000)
  to   space 2560K, 0% used [0x00000000eb300000,0x00000000eb300000,0x00000000eb580000)
 ParOldGen       total 112128K, used 109083K [0x00000000c0000000, 0x00000000c6d80000, 0x00000000eab00000)
  object space 112128K, 97% used [0x00000000c0000000,0x00000000c6a86fd8,0x00000000c6d80000)
 Metaspace       used 88123K, committed 89280K, reserved 1130496K
  class space    used 8962K, committed 9472K, reserved 1048576K
}
Event: 366.793 GC heap before
{Heap before GC invocations=1730 (full 46):
 PSYoungGen      total 9728K, used 9719K [0x00000000eab00000, 0x00000000eb800000, 0x0000000100000000)
  eden space 8192K, 100% used [0x00000000eab00000,0x00000000eb300000,0x00000000eb300000)
  from space 1536K, 99% used [0x00000000eb600000,0x00000000eb77ddd0,0x00000000eb780000)
  to   space 2560K, 0% used [0x00000000eb300000,0x00000000eb300000,0x00000000eb580000)
 ParOldGen       total 175616K, used 170524K [0x00000000c0000000, 0x00000000cab80000, 0x00000000eab00000)
  object space 175616K, 97% used [0x00000000c0000000,0x00000000ca687038,0x00000000cab80000)
 Metaspace       used 88129K, committed 89280K, reserved 1130496K
  class space    used 8962K, committed 9472K, reserved 1048576K
}
Event: 366.794 GC heap after
{Heap after GC invocations=1730 (full 46):
 PSYoungGen      total 9728K, used 1440K [0x00000000eab00000, 0x00000000eb700000, 0x0000000100000000)
  eden space 8192K, 0% used [0x00000000eab00000,0x00000000eab00000,0x00000000eb300000)
  from space 1536K, 93% used [0x00000000eb300000,0x00000000eb468000,0x00000000eb480000)
  to   space 2048K, 0% used [0x00000000eb500000,0x00000000eb500000,0x00000000eb700000)
 ParOldGen       total 175616K, used 170692K [0x00000000c0000000, 0x00000000cab80000, 0x00000000eab00000)
  object space 175616K, 97% used [0x00000000c0000000,0x00000000ca6b1058,0x00000000cab80000)
 Metaspace       used 88129K, committed 89280K, reserved 1130496K
  class space    used 8962K, committed 9472K, reserved 1048576K
}
Event: 367.297 GC heap before
{Heap before GC invocations=1731 (full 46):
 PSYoungGen      total 9728K, used 9631K [0x00000000eab00000, 0x00000000eb700000, 0x0000000100000000)
  eden space 8192K, 99% used [0x00000000eab00000,0x00000000eb2fffb8,0x00000000eb300000)
  from space 1536K, 93% used [0x00000000eb300000,0x00000000eb468000,0x00000000eb480000)
  to   space 2048K, 0% used [0x00000000eb500000,0x00000000eb500000,0x00000000eb700000)
 ParOldGen       total 175616K, used 170692K [0x00000000c0000000, 0x00000000cab80000, 0x00000000eab00000)
  object space 175616K, 97% used [0x00000000c0000000,0x00000000ca6b1058,0x00000000cab80000)
 Metaspace       used 88134K, committed 89280K, reserved 1130496K
  class space    used 8962K, committed 9472K, reserved 1048576K
}
Event: 367.299 GC heap after
{Heap after GC invocations=1731 (full 46):
 PSYoungGen      total 10240K, used 1582K [0x00000000eab00000, 0x00000000eb700000, 0x0000000100000000)
  eden space 8192K, 0% used [0x00000000eab00000,0x00000000eab00000,0x00000000eb300000)
  from space 2048K, 77% used [0x00000000eb500000,0x00000000eb68bb00,0x00000000eb700000)
  to   space 2048K, 0% used [0x00000000eb300000,0x00000000eb300000,0x00000000eb500000)
 ParOldGen       total 175616K, used 171940K [0x00000000c0000000, 0x00000000cab80000, 0x00000000eab00000)
  object space 175616K, 97% used [0x00000000c0000000,0x00000000ca7e9058,0x00000000cab80000)
 Metaspace       used 88134K, committed 89280K, reserved 1130496K
  class space    used 8962K, committed 9472K, reserved 1048576K
}
Event: 367.307 GC heap before
{Heap before GC invocations=1732 (full 46):
 PSYoungGen      total 10240K, used 9774K [0x00000000eab00000, 0x00000000eb700000, 0x0000000100000000)
  eden space 8192K, 100% used [0x00000000eab00000,0x00000000eb300000,0x00000000eb300000)
  from space 2048K, 77% used [0x00000000eb500000,0x00000000eb68bb00,0x00000000eb700000)
  to   space 2048K, 0% used [0x00000000eb300000,0x00000000eb300000,0x00000000eb500000)
 ParOldGen       total 175616K, used 171940K [0x00000000c0000000, 0x00000000cab80000, 0x00000000eab00000)
  object space 175616K, 97% used [0x00000000c0000000,0x00000000ca7e9058,0x00000000cab80000)
 Metaspace       used 88134K, committed 89280K, reserved 1130496K
  class space    used 8962K, committed 9472K, reserved 1048576K
}
Event: 367.309 GC heap after
{Heap after GC invocations=1732 (full 46):
 PSYoungGen      total 10240K, used 1630K [0x00000000eab00000, 0x00000000eb700000, 0x0000000100000000)
  eden space 8192K, 0% used [0x00000000eab00000,0x00000000eab00000,0x00000000eb300000)
  from space 2048K, 79% used [0x00000000eb300000,0x00000000eb497b10,0x00000000eb500000)
  to   space 2048K, 0% used [0x00000000eb500000,0x00000000eb500000,0x00000000eb700000)
 ParOldGen       total 175616K, used 171940K [0x00000000c0000000, 0x00000000cab80000, 0x00000000eab00000)
  object space 175616K, 97% used [0x00000000c0000000,0x00000000ca7e9058,0x00000000cab80000)
 Metaspace       used 88134K, committed 89280K, reserved 1130496K
  class space    used 8962K, committed 9472K, reserved 1048576K
}
Event: 367.318 GC heap before
{Heap before GC invocations=1733 (full 46):
 PSYoungGen      total 10240K, used 9822K [0x00000000eab00000, 0x00000000eb700000, 0x0000000100000000)
  eden space 8192K, 100% used [0x00000000eab00000,0x00000000eb300000,0x00000000eb300000)
  from space 2048K, 79% used [0x00000000eb300000,0x00000000eb497b10,0x00000000eb500000)
  to   space 2048K, 0% used [0x00000000eb500000,0x00000000eb500000,0x00000000eb700000)
 ParOldGen       total 175616K, used 171940K [0x00000000c0000000, 0x00000000cab80000, 0x00000000eab00000)
  object space 175616K, 97% used [0x00000000c0000000,0x00000000ca7e9058,0x00000000cab80000)
 Metaspace       used 88134K, committed 89280K, reserved 1130496K
  class space    used 8962K, committed 9472K, reserved 1048576K
}
Event: 367.319 GC heap after
{Heap after GC invocations=1733 (full 46):
 PSYoungGen      total 9216K, used 938K [0x00000000eab00000, 0x00000000eb600000, 0x0000000100000000)
  eden space 8192K, 0% used [0x00000000eab00000,0x00000000eab00000,0x00000000eb300000)
  from space 1024K, 91% used [0x00000000eb500000,0x00000000eb5ea910,0x00000000eb600000)
  to   space 1536K, 0% used [0x00000000eb300000,0x00000000eb300000,0x00000000eb480000)
 ParOldGen       total 175616K, used 171940K [0x00000000c0000000, 0x00000000cab80000, 0x00000000eab00000)
  object space 175616K, 97% used [0x00000000c0000000,0x00000000ca7e9058,0x00000000cab80000)
 Metaspace       used 88134K, committed 89280K, reserved 1130496K
  class space    used 8962K, committed 9472K, reserved 1048576K
}
Event: 367.328 GC heap before
{Heap before GC invocations=1734 (full 46):
 PSYoungGen      total 9216K, used 9130K [0x00000000eab00000, 0x00000000eb600000, 0x0000000100000000)
  eden space 8192K, 100% used [0x00000000eab00000,0x00000000eb300000,0x00000000eb300000)
  from space 1024K, 91% used [0x00000000eb500000,0x00000000eb5ea910,0x00000000eb600000)
  to   space 1536K, 0% used [0x00000000eb300000,0x00000000eb300000,0x00000000eb480000)
 ParOldGen       total 175616K, used 171940K [0x00000000c0000000, 0x00000000cab80000, 0x00000000eab00000)
  object space 175616K, 97% used [0x00000000c0000000,0x00000000ca7e9058,0x00000000cab80000)
 Metaspace       used 88134K, committed 89280K, reserved 1130496K
  class space    used 8962K, committed 9472K, reserved 1048576K
}
Event: 367.330 GC heap after
{Heap after GC invocations=1734 (full 46):
 PSYoungGen      total 9728K, used 1332K [0x00000000eab00000, 0x00000000eb600000, 0x0000000100000000)
  eden space 8192K, 0% used [0x00000000eab00000,0x00000000eab00000,0x00000000eb300000)
  from space 1536K, 86% used [0x00000000eb300000,0x00000000eb44d200,0x00000000eb480000)
  to   space 1536K, 0% used [0x00000000eb480000,0x00000000eb480000,0x00000000eb600000)
 ParOldGen       total 175616K, used 172020K [0x00000000c0000000, 0x00000000cab80000, 0x00000000eab00000)
  object space 175616K, 97% used [0x00000000c0000000,0x00000000ca7fd058,0x00000000cab80000)
 Metaspace       used 88134K, committed 89280K, reserved 1130496K
  class space    used 8962K, committed 9472K, reserved 1048576K
}
Event: 367.337 GC heap before
{Heap before GC invocations=1735 (full 46):
 PSYoungGen      total 9728K, used 9524K [0x00000000eab00000, 0x00000000eb600000, 0x0000000100000000)
  eden space 8192K, 100% used [0x00000000eab00000,0x00000000eb300000,0x00000000eb300000)
  from space 1536K, 86% used [0x00000000eb300000,0x00000000eb44d200,0x00000000eb480000)
  to   space 1536K, 0% used [0x00000000eb480000,0x00000000eb480000,0x00000000eb600000)
 ParOldGen       total 175616K, used 172020K [0x00000000c0000000, 0x00000000cab80000, 0x00000000eab00000)
  object space 175616K, 97% used [0x00000000c0000000,0x00000000ca7fd058,0x00000000cab80000)
 Metaspace       used 88134K, committed 89280K, reserved 1130496K
  class space    used 8962K, committed 9472K, reserved 1048576K
}
Event: 367.338 GC heap after
{Heap after GC invocations=1735 (full 46):
 PSYoungGen      total 8704K, used 260K [0x00000000eab00000, 0x00000000eb500000, 0x0000000100000000)
  eden space 8192K, 0% used [0x00000000eab00000,0x00000000eab00000,0x00000000eb300000)
  from space 512K, 50% used [0x00000000eb480000,0x00000000eb4c1210,0x00000000eb500000)
  to   space 1024K, 0% used [0x00000000eb300000,0x00000000eb300000,0x00000000eb400000)
 ParOldGen       total 175616K, used 172044K [0x00000000c0000000, 0x00000000cab80000, 0x00000000eab00000)
  object space 175616K, 97% used [0x00000000c0000000,0x00000000ca803058,0x00000000cab80000)
 Metaspace       used 88134K, committed 89280K, reserved 1130496K
  class space    used 8962K, committed 9472K, reserved 1048576K
}
Event: 367.349 GC heap before
{Heap before GC invocations=1736 (full 46):
 PSYoungGen      total 8704K, used 8452K [0x00000000eab00000, 0x00000000eb500000, 0x0000000100000000)
  eden space 8192K, 100% used [0x00000000eab00000,0x00000000eb300000,0x00000000eb300000)
  from space 512K, 50% used [0x00000000eb480000,0x00000000eb4c1210,0x00000000eb500000)
  to   space 1024K, 0% used [0x00000000eb300000,0x00000000eb300000,0x00000000eb400000)
 ParOldGen       total 175616K, used 172044K [0x00000000c0000000, 0x00000000cab80000, 0x00000000eab00000)
  object space 175616K, 97% used [0x00000000c0000000,0x00000000ca803058,0x00000000cab80000)
 Metaspace       used 88140K, committed 89280K, reserved 1130496K
  class space    used 8962K, committed 9472K, reserved 1048576K
}
Event: 367.350 GC heap after
{Heap after GC invocations=1736 (full 46):
 PSYoungGen      total 9216K, used 1024K [0x00000000eab00000, 0x00000000eb600000, 0x0000000100000000)
  eden space 8192K, 0% used [0x00000000eab00000,0x00000000eab00000,0x00000000eb300000)
  from space 1024K, 100% used [0x00000000eb300000,0x00000000eb400000,0x00000000eb400000)
  to   space 1536K, 0% used [0x00000000eb480000,0x00000000eb480000,0x00000000eb600000)
 ParOldGen       total 175616K, used 172325K [0x00000000c0000000, 0x00000000cab80000, 0x00000000eab00000)
  object space 175616K, 98% used [0x00000000c0000000,0x00000000ca8494a8,0x00000000cab80000)
 Metaspace       used 88140K, committed 89280K, reserved 1130496K
  class space    used 8962K, committed 9472K, reserved 1048576K
}
Event: 367.362 GC heap before
{Heap before GC invocations=1737 (full 46):
 PSYoungGen      total 9216K, used 9216K [0x00000000eab00000, 0x00000000eb600000, 0x0000000100000000)
  eden space 8192K, 100% used [0x00000000eab00000,0x00000000eb300000,0x00000000eb300000)
  from space 1024K, 100% used [0x00000000eb300000,0x00000000eb400000,0x00000000eb400000)
  to   space 1536K, 0% used [0x00000000eb480000,0x00000000eb480000,0x00000000eb600000)
 ParOldGen       total 175616K, used 172325K [0x00000000c0000000, 0x00000000cab80000, 0x00000000eab00000)
  object space 175616K, 98% used [0x00000000c0000000,0x00000000ca8494a8,0x00000000cab80000)
 Metaspace       used 88140K, committed 89280K, reserved 1130496K
  class space    used 8962K, committed 9472K, reserved 1048576K
}
Event: 367.364 GC heap after
{Heap after GC invocations=1737 (full 46):
 PSYoungGen      total 8192K, used 1524K [0x00000000eab00000, 0x00000000eb900000, 0x0000000100000000)
  eden space 6656K, 0% used [0x00000000eab00000,0x00000000eab00000,0x00000000eb180000)
  from space 1536K, 99% used [0x00000000eb480000,0x00000000eb5fd200,0x00000000eb600000)
  to   space 3072K, 0% used [0x00000000eb180000,0x00000000eb180000,0x00000000eb480000)
 ParOldGen       total 175616K, used 173349K [0x00000000c0000000, 0x00000000cab80000, 0x00000000eab00000)
  object space 175616K, 98% used [0x00000000c0000000,0x00000000ca9494e8,0x00000000cab80000)
 Metaspace       used 88140K, committed 89280K, reserved 1130496K
  class space    used 8962K, committed 9472K, reserved 1048576K
}
Event: 367.374 GC heap before
{Heap before GC invocations=1738 (full 46):
 PSYoungGen      total 8192K, used 8180K [0x00000000eab00000, 0x00000000eb900000, 0x0000000100000000)
  eden space 6656K, 100% used [0x00000000eab00000,0x00000000eb180000,0x00000000eb180000)
  from space 1536K, 99% used [0x00000000eb480000,0x00000000eb5fd200,0x00000000eb600000)
  to   space 3072K, 0% used [0x00000000eb180000,0x00000000eb180000,0x00000000eb480000)
 ParOldGen       total 175616K, used 173349K [0x00000000c0000000, 0x00000000cab80000, 0x00000000eab00000)
  object space 175616K, 98% used [0x00000000c0000000,0x00000000ca9494e8,0x00000000cab80000)
 Metaspace       used 88140K, committed 89280K, reserved 1130496K
  class space    used 8962K, committed 9472K, reserved 1048576K
}
Event: 367.377 GC heap after
{Heap after GC invocations=1738 (full 46):
 PSYoungGen      total 9728K, used 1369K [0x00000000eab00000, 0x00000000eb680000, 0x0000000100000000)
  eden space 6656K, 0% used [0x00000000eab00000,0x00000000eab00000,0x00000000eb180000)
  from space 3072K, 44% used [0x00000000eb180000,0x00000000eb2d6410,0x00000000eb480000)
  to   space 2048K, 0% used [0x00000000eb480000,0x00000000eb480000,0x00000000eb680000)
 ParOldGen       total 175616K, used 174889K [0x00000000c0000000, 0x00000000cab80000, 0x00000000eab00000)
  object space 175616K, 99% used [0x00000000c0000000,0x00000000caaca728,0x00000000cab80000)
 Metaspace       used 88140K, committed 89280K, reserved 1130496K
  class space    used 8962K, committed 9472K, reserved 1048576K
}
Event: 367.377 GC heap before
{Heap before GC invocations=1739 (full 47):
 PSYoungGen      total 9728K, used 1369K [0x00000000eab00000, 0x00000000eb680000, 0x0000000100000000)
  eden space 6656K, 0% used [0x00000000eab00000,0x00000000eab00000,0x00000000eb180000)
  from space 3072K, 44% used [0x00000000eb180000,0x00000000eb2d6410,0x00000000eb480000)
  to   space 2048K, 0% used [0x00000000eb480000,0x00000000eb480000,0x00000000eb680000)
 ParOldGen       total 175616K, used 174889K [0x00000000c0000000, 0x00000000cab80000, 0x00000000eab00000)
  object space 175616K, 99% used [0x00000000c0000000,0x00000000caaca728,0x00000000cab80000)
 Metaspace       used 88140K, committed 89280K, reserved 1130496K
  class space    used 8962K, committed 9472K, reserved 1048576K
}

