# JRE version: OpenJDK Runtime Environment Temurin-17.0.2+8 (17.0.2+8) (build 17.0.2+8)
# Java VM: OpenJDK 64-Bit Server VM Temurin-17.0.2+8 (17.0.2+8, mixed mode, tiered, compressed oops, compressed class ptrs, parallel gc, windows-amd64)
GC Precious Log:
 CPUs: 8 total, 8 available
 Memory: 16320M
 Large Page Support: Disabled
 NUMA Support: Disabled
 Compressed Oops: Enabled (32-bit)
 Alignments: Space 512K, Generation 512K, Heap 2M
 Heap Min Capacity: 100M
 Heap Initial Capacity: 100M
 Heap Max Capacity: 1G
 Pre-touch: Disabled
 Parallel Workers: 8
Heap:
 PSYoungGen      total 5120K, used 512K [0x00000000eab00000, 0x00000000eb680000, 0x0000000100000000)
  eden space 4608K, 0% used [0x00000000eab00000,0x00000000eab00000,0x00000000eaf80000)
  from space 512K, 100% used [0x00000000eb600000,0x00000000eb680000,0x00000000eb680000)
  to   space 2560K, 0% used [0x00000000eb180000,0x00000000eb180000,0x00000000eb400000)
 ParOldGen       total 105984K, used 105168K [0x00000000c0000000, 0x00000000c6780000, 0x00000000eab00000)
  object space 105984K, 99% used [0x00000000c0000000,0x00000000c66b4098,0x00000000c6780000)
 Metaspace       used 95952K, committed 97216K, reserved 1138688K
  class space    used 9876K, committed 10496K, reserved 1048576K
GC Heap History (20 events):
Event: 1487.030 GC heap after
{Heap after GC invocations=1750 (full 58):
 PSYoungGen      total 5632K, used 692K [0x00000000eab00000, 0x00000000eb780000, 0x0000000100000000)
  eden space 4608K, 0% used [0x00000000eab00000,0x00000000eab00000,0x00000000eaf80000)
  from space 1024K, 67% used [0x00000000eb600000,0x00000000eb6ad200,0x00000000eb700000)
  to   space 512K, 0% used [0x00000000eb700000,0x00000000eb700000,0x00000000eb780000)
 ParOldGen       total 105984K, used 100251K [0x00000000c0000000, 0x00000000c6780000, 0x00000000eab00000)
  object space 105984K, 94% used [0x00000000c0000000,0x00000000c61e6f20,0x00000000c6780000)
 Metaspace       used 95951K, committed 97216K, reserved 1138688K
  class space    used 9876K, committed 10496K, reserved 1048576K
}
Event: 1487.038 GC heap before
{Heap before GC invocations=1751 (full 58):
 PSYoungGen      total 5632K, used 5300K [0x00000000eab00000, 0x00000000eb780000, 0x0000000100000000)
  eden space 4608K, 100% used [0x00000000eab00000,0x00000000eaf80000,0x00000000eaf80000)
  from space 1024K, 67% used [0x00000000eb600000,0x00000000eb6ad200,0x00000000eb700000)
  to   space 512K, 0% used [0x00000000eb700000,0x00000000eb700000,0x00000000eb780000)
 ParOldGen       total 105984K, used 100251K [0x00000000c0000000, 0x00000000c6780000, 0x00000000eab00000)
  object space 105984K, 94% used [0x00000000c0000000,0x00000000c61e6f20,0x00000000c6780000)
 Metaspace       used 95951K, committed 97216K, reserved 1138688K
  class space    used 9876K, committed 10496K, reserved 1048576K
}
Event: 1487.039 GC heap after
{Heap after GC invocations=1751 (full 58):
 PSYoungGen      total 5120K, used 500K [0x00000000eab00000, 0x00000000eb780000, 0x0000000100000000)
  eden space 4608K, 0% used [0x00000000eab00000,0x00000000eab00000,0x00000000eaf80000)
  from space 512K, 97% used [0x00000000eb700000,0x00000000eb77d200,0x00000000eb780000)
  to   space 1024K, 0% used [0x00000000eb580000,0x00000000eb580000,0x00000000eb680000)
 ParOldGen       total 105984K, used 100315K [0x00000000c0000000, 0x00000000c6780000, 0x00000000eab00000)
  object space 105984K, 94% used [0x00000000c0000000,0x00000000c61f6f20,0x00000000c6780000)
 Metaspace       used 95951K, committed 97216K, reserved 1138688K
  class space    used 9876K, committed 10496K, reserved 1048576K
}
Event: 1487.047 GC heap before
{Heap before GC invocations=1752 (full 58):
 PSYoungGen      total 5120K, used 5108K [0x00000000eab00000, 0x00000000eb780000, 0x0000000100000000)
  eden space 4608K, 100% used [0x00000000eab00000,0x00000000eaf80000,0x00000000eaf80000)
  from space 512K, 97% used [0x00000000eb700000,0x00000000eb77d200,0x00000000eb780000)
  to   space 1024K, 0% used [0x00000000eb580000,0x00000000eb580000,0x00000000eb680000)
 ParOldGen       total 105984K, used 100315K [0x00000000c0000000, 0x00000000c6780000, 0x00000000eab00000)
  object space 105984K, 94% used [0x00000000c0000000,0x00000000c61f6f20,0x00000000c6780000)
 Metaspace       used 95951K, committed 97216K, reserved 1138688K
  class space    used 9876K, committed 10496K, reserved 1048576K
}
Event: 1487.048 GC heap after
{Heap after GC invocations=1752 (full 58):
 PSYoungGen      total 5632K, used 916K [0x00000000eab00000, 0x00000000eb780000, 0x0000000100000000)
  eden space 4608K, 0% used [0x00000000eab00000,0x00000000eab00000,0x00000000eaf80000)
  from space 1024K, 89% used [0x00000000eb580000,0x00000000eb665200,0x00000000eb680000)
  to   space 1024K, 0% used [0x00000000eb680000,0x00000000eb680000,0x00000000eb780000)
 ParOldGen       total 105984K, used 100744K [0x00000000c0000000, 0x00000000c6780000, 0x00000000eab00000)
  object space 105984K, 95% used [0x00000000c0000000,0x00000000c6262140,0x00000000c6780000)
 Metaspace       used 95951K, committed 97216K, reserved 1138688K
  class space    used 9876K, committed 10496K, reserved 1048576K
}
Event: 1487.053 GC heap before
{Heap before GC invocations=1753 (full 58):
 PSYoungGen      total 5632K, used 5524K [0x00000000eab00000, 0x00000000eb780000, 0x0000000100000000)
  eden space 4608K, 100% used [0x00000000eab00000,0x00000000eaf80000,0x00000000eaf80000)
  from space 1024K, 89% used [0x00000000eb580000,0x00000000eb665200,0x00000000eb680000)
  to   space 1024K, 0% used [0x00000000eb680000,0x00000000eb680000,0x00000000eb780000)
 ParOldGen       total 105984K, used 100744K [0x00000000c0000000, 0x00000000c6780000, 0x00000000eab00000)
  object space 105984K, 95% used [0x00000000c0000000,0x00000000c6262140,0x00000000c6780000)
 Metaspace       used 95951K, committed 97216K, reserved 1138688K
  class space    used 9876K, committed 10496K, reserved 1048576K
}
Event: 1487.054 GC heap after
{Heap after GC invocations=1753 (full 58):
 PSYoungGen      total 5632K, used 602K [0x00000000eab00000, 0x00000000eb780000, 0x0000000100000000)
  eden space 4608K, 0% used [0x00000000eab00000,0x00000000eab00000,0x00000000eaf80000)
  from space 1024K, 58% used [0x00000000eb680000,0x00000000eb716900,0x00000000eb780000)
  to   space 1024K, 0% used [0x00000000eb580000,0x00000000eb580000,0x00000000eb680000)
 ParOldGen       total 105984K, used 101112K [0x00000000c0000000, 0x00000000c6780000, 0x00000000eab00000)
  object space 105984K, 95% used [0x00000000c0000000,0x00000000c62be160,0x00000000c6780000)
 Metaspace       used 95951K, committed 97216K, reserved 1138688K
  class space    used 9876K, committed 10496K, reserved 1048576K
}
Event: 1487.059 GC heap before
{Heap before GC invocations=1754 (full 58):
 PSYoungGen      total 5632K, used 5210K [0x00000000eab00000, 0x00000000eb780000, 0x0000000100000000)
  eden space 4608K, 100% used [0x00000000eab00000,0x00000000eaf80000,0x00000000eaf80000)
  from space 1024K, 58% used [0x00000000eb680000,0x00000000eb716900,0x00000000eb780000)
  to   space 1024K, 0% used [0x00000000eb580000,0x00000000eb580000,0x00000000eb680000)
 ParOldGen       total 105984K, used 101112K [0x00000000c0000000, 0x00000000c6780000, 0x00000000eab00000)
  object space 105984K, 95% used [0x00000000c0000000,0x00000000c62be160,0x00000000c6780000)
 Metaspace       used 95951K, committed 97216K, reserved 1138688K
  class space    used 9876K, committed 10496K, reserved 1048576K
}
Event: 1487.060 GC heap after
{Heap after GC invocations=1754 (full 58):
 PSYoungGen      total 5632K, used 276K [0x00000000eab00000, 0x00000000eb700000, 0x0000000100000000)
  eden space 4608K, 0% used [0x00000000eab00000,0x00000000eab00000,0x00000000eaf80000)
  from space 1024K, 27% used [0x00000000eb580000,0x00000000eb5c5200,0x00000000eb680000)
  to   space 512K, 0% used [0x00000000eb680000,0x00000000eb680000,0x00000000eb700000)
 ParOldGen       total 105984K, used 101128K [0x00000000c0000000, 0x00000000c6780000, 0x00000000eab00000)
  object space 105984K, 95% used [0x00000000c0000000,0x00000000c62c2160,0x00000000c6780000)
 Metaspace       used 95951K, committed 97216K, reserved 1138688K
  class space    used 9876K, committed 10496K, reserved 1048576K
}
Event: 1487.064 GC heap before
{Heap before GC invocations=1755 (full 58):
 PSYoungGen      total 5632K, used 4884K [0x00000000eab00000, 0x00000000eb700000, 0x0000000100000000)
  eden space 4608K, 100% used [0x00000000eab00000,0x00000000eaf80000,0x00000000eaf80000)
  from space 1024K, 27% used [0x00000000eb580000,0x00000000eb5c5200,0x00000000eb680000)
  to   space 512K, 0% used [0x00000000eb680000,0x00000000eb680000,0x00000000eb700000)
 ParOldGen       total 105984K, used 101128K [0x00000000c0000000, 0x00000000c6780000, 0x00000000eab00000)
  object space 105984K, 95% used [0x00000000c0000000,0x00000000c62c2160,0x00000000c6780000)
 Metaspace       used 95951K, committed 97216K, reserved 1138688K
  class space    used 9876K, committed 10496K, reserved 1048576K
}
Event: 1487.065 GC heap after
{Heap after GC invocations=1755 (full 58):
 PSYoungGen      total 5120K, used 512K [0x00000000eab00000, 0x00000000eb700000, 0x0000000100000000)
  eden space 4608K, 0% used [0x00000000eab00000,0x00000000eab00000,0x00000000eaf80000)
  from space 512K, 100% used [0x00000000eb680000,0x00000000eb700000,0x00000000eb700000)
  to   space 1024K, 0% used [0x00000000eb500000,0x00000000eb500000,0x00000000eb600000)
 ParOldGen       total 105984K, used 101324K [0x00000000c0000000, 0x00000000c6780000, 0x00000000eab00000)
  object space 105984K, 95% used [0x00000000c0000000,0x00000000c62f3380,0x00000000c6780000)
 Metaspace       used 95951K, committed 97216K, reserved 1138688K
  class space    used 9876K, committed 10496K, reserved 1048576K
}
Event: 1487.072 GC heap before
{Heap before GC invocations=1756 (full 58):
 PSYoungGen      total 5120K, used 5120K [0x00000000eab00000, 0x00000000eb700000, 0x0000000100000000)
  eden space 4608K, 100% used [0x00000000eab00000,0x00000000eaf80000,0x00000000eaf80000)
  from space 512K, 100% used [0x00000000eb680000,0x00000000eb700000,0x00000000eb700000)
  to   space 1024K, 0% used [0x00000000eb500000,0x00000000eb500000,0x00000000eb600000)
 ParOldGen       total 105984K, used 101324K [0x00000000c0000000, 0x00000000c6780000, 0x00000000eab00000)
  object space 105984K, 95% used [0x00000000c0000000,0x00000000c62f3380,0x00000000c6780000)
 Metaspace       used 95951K, committed 97216K, reserved 1138688K
  class space    used 9876K, committed 10496K, reserved 1048576K
}
Event: 1487.073 GC heap after
{Heap after GC invocations=1756 (full 58):
 PSYoungGen      total 5632K, used 794K [0x00000000eab00000, 0x00000000eb700000, 0x0000000100000000)
  eden space 4608K, 0% used [0x00000000eab00000,0x00000000eab00000,0x00000000eaf80000)
  from space 1024K, 77% used [0x00000000eb500000,0x00000000eb5c6900,0x00000000eb600000)
  to   space 1024K, 0% used [0x00000000eb600000,0x00000000eb600000,0x00000000eb700000)
 ParOldGen       total 105984K, used 101820K [0x00000000c0000000, 0x00000000c6780000, 0x00000000eab00000)
  object space 105984K, 96% used [0x00000000c0000000,0x00000000c636f3a0,0x00000000c6780000)
 Metaspace       used 95951K, committed 97216K, reserved 1138688K
  class space    used 9876K, committed 10496K, reserved 1048576K
}
Event: 1487.079 GC heap before
{Heap before GC invocations=1757 (full 58):
 PSYoungGen      total 5632K, used 5402K [0x00000000eab00000, 0x00000000eb700000, 0x0000000100000000)
  eden space 4608K, 100% used [0x00000000eab00000,0x00000000eaf80000,0x00000000eaf80000)
  from space 1024K, 77% used [0x00000000eb500000,0x00000000eb5c6900,0x00000000eb600000)
  to   space 1024K, 0% used [0x00000000eb600000,0x00000000eb600000,0x00000000eb700000)
 ParOldGen       total 105984K, used 101820K [0x00000000c0000000, 0x00000000c6780000, 0x00000000eab00000)
  object space 105984K, 96% used [0x00000000c0000000,0x00000000c636f3a0,0x00000000c6780000)
 Metaspace       used 95951K, committed 97216K, reserved 1138688K
  class space    used 9876K, committed 10496K, reserved 1048576K
}
Event: 1487.080 GC heap after
{Heap after GC invocations=1757 (full 58):
 PSYoungGen      total 5632K, used 890K [0x00000000eab00000, 0x00000000eb700000, 0x0000000100000000)
  eden space 4608K, 0% used [0x00000000eab00000,0x00000000eab00000,0x00000000eaf80000)
  from space 1024K, 86% used [0x00000000eb600000,0x00000000eb6de900,0x00000000eb700000)
  to   space 1024K, 0% used [0x00000000eb500000,0x00000000eb500000,0x00000000eb600000)
 ParOldGen       total 105984K, used 102486K [0x00000000c0000000, 0x00000000c6780000, 0x00000000eab00000)
  object space 105984K, 96% used [0x00000000c0000000,0x00000000c6415808,0x00000000c6780000)
 Metaspace       used 95951K, committed 97216K, reserved 1138688K
  class space    used 9876K, committed 10496K, reserved 1048576K
}
Event: 1487.089 GC heap before
{Heap before GC invocations=1758 (full 58):
 PSYoungGen      total 5632K, used 5498K [0x00000000eab00000, 0x00000000eb700000, 0x0000000100000000)
  eden space 4608K, 100% used [0x00000000eab00000,0x00000000eaf80000,0x00000000eaf80000)
  from space 1024K, 86% used [0x00000000eb600000,0x00000000eb6de900,0x00000000eb700000)
  to   space 1024K, 0% used [0x00000000eb500000,0x00000000eb500000,0x00000000eb600000)
 ParOldGen       total 105984K, used 102486K [0x00000000c0000000, 0x00000000c6780000, 0x00000000eab00000)
  object space 105984K, 96% used [0x00000000c0000000,0x00000000c6415808,0x00000000c6780000)
 Metaspace       used 95951K, committed 97216K, reserved 1138688K
  class space    used 9876K, committed 10496K, reserved 1048576K
}
Event: 1487.090 GC heap after
{Heap after GC invocations=1758 (full 58):
 PSYoungGen      total 5632K, used 996K [0x00000000eab00000, 0x00000000eb680000, 0x0000000100000000)
  eden space 4608K, 0% used [0x00000000eab00000,0x00000000eab00000,0x00000000eaf80000)
  from space 1024K, 97% used [0x00000000eb500000,0x00000000eb5f9210,0x00000000eb600000)
  to   space 512K, 0% used [0x00000000eb600000,0x00000000eb600000,0x00000000eb680000)
 ParOldGen       total 105984K, used 103474K [0x00000000c0000000, 0x00000000c6780000, 0x00000000eab00000)
  object space 105984K, 97% used [0x00000000c0000000,0x00000000c650ca38,0x00000000c6780000)
 Metaspace       used 95951K, committed 97216K, reserved 1138688K
  class space    used 9876K, committed 10496K, reserved 1048576K
}
Event: 1487.100 GC heap before
{Heap before GC invocations=1759 (full 58):
 PSYoungGen      total 5632K, used 5604K [0x00000000eab00000, 0x00000000eb680000, 0x0000000100000000)
  eden space 4608K, 100% used [0x00000000eab00000,0x00000000eaf80000,0x00000000eaf80000)
  from space 1024K, 97% used [0x00000000eb500000,0x00000000eb5f9210,0x00000000eb600000)
  to   space 512K, 0% used [0x00000000eb600000,0x00000000eb600000,0x00000000eb680000)
 ParOldGen       total 105984K, used 103474K [0x00000000c0000000, 0x00000000c6780000, 0x00000000eab00000)
  object space 105984K, 97% used [0x00000000c0000000,0x00000000c650ca38,0x00000000c6780000)
 Metaspace       used 95952K, committed 97216K, reserved 1138688K
  class space    used 9876K, committed 10496K, reserved 1048576K
}
Event: 1487.102 GC heap after
{Heap after GC invocations=1759 (full 58):
 PSYoungGen      total 5120K, used 512K [0x00000000eab00000, 0x00000000eb680000, 0x0000000100000000)
  eden space 4608K, 0% used [0x00000000eab00000,0x00000000eab00000,0x00000000eaf80000)
  from space 512K, 100% used [0x00000000eb600000,0x00000000eb680000,0x00000000eb680000)
  to   space 2560K, 0% used [0x00000000eb180000,0x00000000eb180000,0x00000000eb400000)
 ParOldGen       total 105984K, used 105168K [0x00000000c0000000, 0x00000000c6780000, 0x00000000eab00000)
  object space 105984K, 99% used [0x00000000c0000000,0x00000000c66b4098,0x00000000c6780000)
 Metaspace       used 95952K, committed 97216K, reserved 1138688K
  class space    used 9876K, committed 10496K, reserved 1048576K
}
Event: 1487.102 GC heap before
{Heap before GC invocations=1760 (full 59):
 PSYoungGen      total 5120K, used 512K [0x00000000eab00000, 0x00000000eb680000, 0x0000000100000000)
  eden space 4608K, 0% used [0x00000000eab00000,0x00000000eab00000,0x00000000eaf80000)
  from space 512K, 100% used [0x00000000eb600000,0x00000000eb680000,0x00000000eb680000)
  to   space 2560K, 0% used [0x00000000eb180000,0x00000000eb180000,0x00000000eb400000)
 ParOldGen       total 105984K, used 105168K [0x00000000c0000000, 0x00000000c6780000, 0x00000000eab00000)
  object space 105984K, 99% used [0x00000000c0000000,0x00000000c66b4098,0x00000000c6780000)
 Metaspace       used 95952K, committed 97216K, reserved 1138688K
  class space    used 9876K, committed 10496K, reserved 1048576K
}

